<?xml version="1.0" encoding="UTF-8"?>
<testsuite name="Ir al portal de empleados" tests="1" skipped="0" failures="0" errors="0" timestamp="2021-07-17T19:03:59" hostname="CHMEPPF0HDPV3" time="28.641">
  <properties/>
  <testcase name="Ir al portal de empleados" classname="Ir al portal de empleados" time="28.641"/>
  <system-out><![CDATA[]]></system-out>
  <system-err><![CDATA[jul 17, 2021 2:03:59 PM org.openqa.selenium.remote.DesiredCapabilities chrome
INFORMACIÓN: Using `new ChromeOptions()` is preferred to `DesiredCapabilities.chrome()`
Starting ChromeDriver 91.0.4472.19 (1bf021f248676a0b2ab3ee0561d83a59e424c23e-refs/branch-heads/4472@{#288}) on port 5835
Only local connections are allowed.
Please see https://chromedriver.chromium.org/security-considerations for suggestions on keeping ChromeDriver safe.
ChromeDriver was started successfully.
jul 17, 2021 2:04:06 PM org.openqa.selenium.remote.ProtocolHandshake createSession
INFORMACIÓN: Detected dialect: W3C
[Test worker] INFO net.serenitybdd.core.Serenity - 
        __    _____ _____ ____ _____   ____   _    ____  ____  _____ ____  
  _     \ \  |_   _| ____/ ___|_   _| |  _ \ / \  / ___|/ ___|| ____|  _ \ 
 (_)_____| |   | | |  _| \___ \ | |   | |_) / _ \ \___ \\___ \|  _| | | | |
  _|_____| |   | | | |___ ___) || |   |  __/ ___ \ ___) |___) | |___| |_| |
 (_)     | |   |_| |_____|____/ |_|   |_| /_/   \_\____/|____/|_____|____/ 
        /_/                                                                

TEST PASSED: Ir al portal de empleados
----------------------------------------------------------------------------
]]></system-err>
</testsuite>
